<?xml version="1.0" encoding="UTF-8"?>
<testsuite name="hello.jdbc.connection.ConnectionTest" tests="3" skipped="0" failures="0" errors="0" timestamp="2022-04-13T13:47:27" hostname="DESKTOP-8Q25Q0I" time="1.05">
  <properties/>
  <testcase name="hikariDataSource()" classname="hello.jdbc.connection.ConnectionTest" time="1.038"/>
  <testcase name="getConnection()" classname="hello.jdbc.connection.ConnectionTest" time="0.006"/>
  <testcase name="dataSourceDriverManager()" classname="hello.jdbc.connection.ConnectionTest" time="0.004"/>
  <system-out><![CDATA[22:47:27.588 [Test worker] DEBUG com.zaxxer.hikari.HikariConfig - test00111 - configuration:
22:47:27.590 [Test worker] DEBUG com.zaxxer.hikari.HikariConfig - allowPoolSuspension................................false
22:47:27.591 [Test worker] DEBUG com.zaxxer.hikari.HikariConfig - autoCommit................................true
22:47:27.591 [Test worker] DEBUG com.zaxxer.hikari.HikariConfig - catalog................................none
22:47:27.591 [Test worker] DEBUG com.zaxxer.hikari.HikariConfig - connectionInitSql................................none
22:47:27.591 [Test worker] DEBUG com.zaxxer.hikari.HikariConfig - connectionTestQuery................................none
22:47:27.591 [Test worker] DEBUG com.zaxxer.hikari.HikariConfig - connectionTimeout................................30000
22:47:27.591 [Test worker] DEBUG com.zaxxer.hikari.HikariConfig - dataSource................................none
22:47:27.591 [Test worker] DEBUG com.zaxxer.hikari.HikariConfig - dataSourceClassName................................none
22:47:27.591 [Test worker] DEBUG com.zaxxer.hikari.HikariConfig - dataSourceJNDI................................none
22:47:27.592 [Test worker] DEBUG com.zaxxer.hikari.HikariConfig - dataSourceProperties................................{password=<masked>}
22:47:27.592 [Test worker] DEBUG com.zaxxer.hikari.HikariConfig - driverClassName................................none
22:47:27.592 [Test worker] DEBUG com.zaxxer.hikari.HikariConfig - exceptionOverrideClassName................................none
22:47:27.592 [Test worker] DEBUG com.zaxxer.hikari.HikariConfig - healthCheckProperties................................{}
22:47:27.592 [Test worker] DEBUG com.zaxxer.hikari.HikariConfig - healthCheckRegistry................................none
22:47:27.592 [Test worker] DEBUG com.zaxxer.hikari.HikariConfig - idleTimeout................................600000
22:47:27.592 [Test worker] DEBUG com.zaxxer.hikari.HikariConfig - initializationFailTimeout................................1
22:47:27.592 [Test worker] DEBUG com.zaxxer.hikari.HikariConfig - isolateInternalQueries................................false
22:47:27.592 [Test worker] DEBUG com.zaxxer.hikari.HikariConfig - jdbcUrl................................jdbc:h2:tcp://localhost/~/jdbc
22:47:27.593 [Test worker] DEBUG com.zaxxer.hikari.HikariConfig - keepaliveTime................................0
22:47:27.593 [Test worker] DEBUG com.zaxxer.hikari.HikariConfig - leakDetectionThreshold................................0
22:47:27.593 [Test worker] DEBUG com.zaxxer.hikari.HikariConfig - maxLifetime................................1800000
22:47:27.593 [Test worker] DEBUG com.zaxxer.hikari.HikariConfig - maximumPoolSize................................10
22:47:27.593 [Test worker] DEBUG com.zaxxer.hikari.HikariConfig - metricRegistry................................none
22:47:27.593 [Test worker] DEBUG com.zaxxer.hikari.HikariConfig - metricsTrackerFactory................................none
22:47:27.593 [Test worker] DEBUG com.zaxxer.hikari.HikariConfig - minimumIdle................................10
22:47:27.593 [Test worker] DEBUG com.zaxxer.hikari.HikariConfig - password................................<masked>
22:47:27.593 [Test worker] DEBUG com.zaxxer.hikari.HikariConfig - poolName................................"test00111"
22:47:27.593 [Test worker] DEBUG com.zaxxer.hikari.HikariConfig - readOnly................................false
22:47:27.593 [Test worker] DEBUG com.zaxxer.hikari.HikariConfig - registerMbeans................................false
22:47:27.594 [Test worker] DEBUG com.zaxxer.hikari.HikariConfig - scheduledExecutor................................none
22:47:27.594 [Test worker] DEBUG com.zaxxer.hikari.HikariConfig - schema................................none
22:47:27.594 [Test worker] DEBUG com.zaxxer.hikari.HikariConfig - threadFactory................................internal
22:47:27.594 [Test worker] DEBUG com.zaxxer.hikari.HikariConfig - transactionIsolation................................default
22:47:27.594 [Test worker] DEBUG com.zaxxer.hikari.HikariConfig - username................................"sa"
22:47:27.594 [Test worker] DEBUG com.zaxxer.hikari.HikariConfig - validationTimeout................................5000
22:47:27.594 [Test worker] INFO com.zaxxer.hikari.HikariDataSource - test00111 - Starting...
22:47:27.599 [Test worker] DEBUG com.zaxxer.hikari.util.DriverDataSource - Loaded driver with class name org.h2.Driver for jdbcUrl=jdbc:h2:tcp://localhost/~/jdbc
22:47:27.608 [Test worker] DEBUG com.zaxxer.hikari.pool.HikariPool - test00111 - Added connection conn21: url=jdbc:h2:tcp://localhost/~/jdbc user=SA
22:47:27.609 [Test worker] INFO com.zaxxer.hikari.HikariDataSource - test00111 - Start completed.
22:47:27.614 [test00111 connection adder] DEBUG com.zaxxer.hikari.pool.HikariPool - test00111 - Added connection conn22: url=jdbc:h2:tcp://localhost/~/jdbc user=SA
22:47:27.614 [Test worker] INFO hello.jdbc.connection.ConnectionTest - conn1 name=HikariProxyConnection@166536076 wrapping conn21: url=jdbc:h2:tcp://localhost/~/jdbc user=SA, class=class com.zaxxer.hikari.pool.HikariProxyConnection
22:47:27.615 [Test worker] INFO hello.jdbc.connection.ConnectionTest - conn2 name=HikariProxyConnection@1445424568 wrapping conn22: url=jdbc:h2:tcp://localhost/~/jdbc user=SA, class=class com.zaxxer.hikari.pool.HikariProxyConnection
22:47:27.710 [test00111 housekeeper] DEBUG com.zaxxer.hikari.pool.HikariPool - test00111 - Pool stats (total=2, active=2, idle=0, waiting=0)
22:47:27.713 [test00111 connection adder] DEBUG com.zaxxer.hikari.pool.HikariPool - test00111 - Added connection conn23: url=jdbc:h2:tcp://localhost/~/jdbc user=SA
22:47:27.715 [test00111 connection adder] DEBUG com.zaxxer.hikari.pool.HikariPool - test00111 - Added connection conn24: url=jdbc:h2:tcp://localhost/~/jdbc user=SA
22:47:27.718 [test00111 connection adder] DEBUG com.zaxxer.hikari.pool.HikariPool - test00111 - Added connection conn25: url=jdbc:h2:tcp://localhost/~/jdbc user=SA
22:47:27.721 [test00111 connection adder] DEBUG com.zaxxer.hikari.pool.HikariPool - test00111 - Added connection conn26: url=jdbc:h2:tcp://localhost/~/jdbc user=SA
22:47:27.724 [test00111 connection adder] DEBUG com.zaxxer.hikari.pool.HikariPool - test00111 - Added connection conn27: url=jdbc:h2:tcp://localhost/~/jdbc user=SA
22:47:27.727 [test00111 connection adder] DEBUG com.zaxxer.hikari.pool.HikariPool - test00111 - Added connection conn28: url=jdbc:h2:tcp://localhost/~/jdbc user=SA
22:47:27.730 [test00111 connection adder] DEBUG com.zaxxer.hikari.pool.HikariPool - test00111 - Added connection conn29: url=jdbc:h2:tcp://localhost/~/jdbc user=SA
22:47:27.732 [test00111 connection adder] DEBUG com.zaxxer.hikari.pool.HikariPool - test00111 - Added connection conn30: url=jdbc:h2:tcp://localhost/~/jdbc user=SA
22:47:27.733 [test00111 connection adder] DEBUG com.zaxxer.hikari.pool.HikariPool - test00111 - After adding stats (total=10, active=2, idle=8, waiting=0)
22:47:28.629 [Test worker] INFO hello.jdbc.connection.ConnectionTest - conn1 name=conn31: url=jdbc:h2:tcp://localhost/~/jdbc user=SA, class=class org.h2.jdbc.JdbcConnection
22:47:28.629 [Test worker] INFO hello.jdbc.connection.ConnectionTest - conn2 name=conn32: url=jdbc:h2:tcp://localhost/~/jdbc user=SA, class=class org.h2.jdbc.JdbcConnection
22:47:28.630 [Test worker] DEBUG org.springframework.jdbc.datasource.DriverManagerDataSource - Creating new JDBC DriverManager Connection to [jdbc:h2:tcp://localhost/~/jdbc]
22:47:28.632 [Test worker] DEBUG org.springframework.jdbc.datasource.DriverManagerDataSource - Creating new JDBC DriverManager Connection to [jdbc:h2:tcp://localhost/~/jdbc]
22:47:28.633 [Test worker] INFO hello.jdbc.connection.ConnectionTest - conn1 name=conn33: url=jdbc:h2:tcp://localhost/~/jdbc user=SA, class=class org.h2.jdbc.JdbcConnection
22:47:28.634 [Test worker] INFO hello.jdbc.connection.ConnectionTest - conn2 name=conn34: url=jdbc:h2:tcp://localhost/~/jdbc user=SA, class=class org.h2.jdbc.JdbcConnection
]]></system-out>
  <system-err><![CDATA[]]></system-err>
</testsuite>
