<?xml version="1.0" encoding="UTF-8"?>
<testsuite name="hello.jdbc.service.MemberServiceV2Test" tests="2" skipped="0" failures="0" errors="0" timestamp="2022-06-02T13:06:21" hostname="DESKTOP-8Q25Q0I" time="0.564">
  <properties/>
  <testcase name="이체중 예외발생" classname="hello.jdbc.service.MemberServiceV2Test" time="0.418"/>
  <testcase name="정상이체" classname="hello.jdbc.service.MemberServiceV2Test" time="0.146"/>
  <system-out><![CDATA[22:06:21.933 [Test worker] DEBUG org.springframework.jdbc.datasource.DriverManagerDataSource - Creating new JDBC DriverManager Connection to [jdbc:h2:tcp://localhost/~/jdbc]
22:06:22.012 [Test worker] INFO hello.jdbc.repository.MemberRepositoryV2 - get connection! con=conn0: url=jdbc:h2:tcp://localhost/~/jdbc user=SA, class=class org.h2.jdbc.JdbcConnection
22:06:22.041 [Test worker] DEBUG org.springframework.jdbc.datasource.DriverManagerDataSource - Creating new JDBC DriverManager Connection to [jdbc:h2:tcp://localhost/~/jdbc]
22:06:22.051 [Test worker] INFO hello.jdbc.repository.MemberRepositoryV2 - get connection! con=conn1: url=jdbc:h2:tcp://localhost/~/jdbc user=SA, class=class org.h2.jdbc.JdbcConnection
22:06:22.101 [Test worker] DEBUG org.springframework.jdbc.datasource.DriverManagerDataSource - Creating new JDBC DriverManager Connection to [jdbc:h2:tcp://localhost/~/jdbc]
22:06:22.112 [Test worker] INFO hello.jdbc.service.MemberServiceV2 - from=memberA, to=ex, money=2000
22:06:22.121 [Test worker] ERROR hello.jdbc.service.MemberServiceV2 - error
java.lang.IllegalStateException: 이체 중 에러 발생
	at hello.jdbc.service.MemberServiceV2.validation(MemberServiceV2.java:67)
	at hello.jdbc.service.MemberServiceV2.bizLogic(MemberServiceV2.java:49)
	at hello.jdbc.service.MemberServiceV2.accountTransfer(MemberServiceV2.java:28)
	at hello.jdbc.service.MemberServiceV2Test.lambda$accountTransferException$0(MemberServiceV2Test.java:68)
	at org.assertj.core.api.ThrowableAssert.catchThrowable(ThrowableAssert.java:63)
	at org.assertj.core.api.AssertionsForClassTypes.catchThrowable(AssertionsForClassTypes.java:878)
	at org.assertj.core.api.Assertions.catchThrowable(Assertions.java:1336)
	at org.assertj.core.api.Assertions.assertThatThrownBy(Assertions.java:1181)
	at hello.jdbc.service.MemberServiceV2Test.accountTransferException(MemberServiceV2Test.java:68)
	at java.base/jdk.internal.reflect.NativeMethodAccessorImpl.invoke0(Native Method)
	at java.base/jdk.internal.reflect.NativeMethodAccessorImpl.invoke(NativeMethodAccessorImpl.java:62)
	at java.base/jdk.internal.reflect.DelegatingMethodAccessorImpl.invoke(DelegatingMethodAccessorImpl.java:43)
	at java.base/java.lang.reflect.Method.invoke(Method.java:566)
	at org.junit.platform.commons.util.ReflectionUtils.invokeMethod(ReflectionUtils.java:725)
	at org.junit.jupiter.engine.execution.MethodInvocation.proceed(MethodInvocation.java:60)
	at org.junit.jupiter.engine.execution.InvocationInterceptorChain$ValidatingInvocation.proceed(InvocationInterceptorChain.java:131)
	at org.junit.jupiter.engine.extension.TimeoutExtension.intercept(TimeoutExtension.java:149)
	at org.junit.jupiter.engine.extension.TimeoutExtension.interceptTestableMethod(TimeoutExtension.java:140)
	at org.junit.jupiter.engine.extension.TimeoutExtension.interceptTestMethod(TimeoutExtension.java:84)
	at org.junit.jupiter.engine.execution.ExecutableInvoker$ReflectiveInterceptorCall.lambda$ofVoidMethod$0(ExecutableInvoker.java:115)
	at org.junit.jupiter.engine.execution.ExecutableInvoker.lambda$invoke$0(ExecutableInvoker.java:105)
	at org.junit.jupiter.engine.execution.InvocationInterceptorChain$InterceptedInvocation.proceed(InvocationInterceptorChain.java:106)
	at org.junit.jupiter.engine.execution.InvocationInterceptorChain.proceed(InvocationInterceptorChain.java:64)
	at org.junit.jupiter.engine.execution.InvocationInterceptorChain.chainAndInvoke(InvocationInterceptorChain.java:45)
	at org.junit.jupiter.engine.execution.InvocationInterceptorChain.invoke(InvocationInterceptorChain.java:37)
	at org.junit.jupiter.engine.execution.ExecutableInvoker.invoke(ExecutableInvoker.java:104)
	at org.junit.jupiter.engine.execution.ExecutableInvoker.invoke(ExecutableInvoker.java:98)
	at org.junit.jupiter.engine.descriptor.TestMethodTestDescriptor.lambda$invokeTestMethod$7(TestMethodTestDescriptor.java:214)
	at org.junit.platform.engine.support.hierarchical.ThrowableCollector.execute(ThrowableCollector.java:73)
	at org.junit.jupiter.engine.descriptor.TestMethodTestDescriptor.invokeTestMethod(TestMethodTestDescriptor.java:210)
	at org.junit.jupiter.engine.descriptor.TestMethodTestDescriptor.execute(TestMethodTestDescriptor.java:135)
	at org.junit.jupiter.engine.descriptor.TestMethodTestDescriptor.execute(TestMethodTestDescriptor.java:66)
	at org.junit.platform.engine.support.hierarchical.NodeTestTask.lambda$executeRecursively$6(NodeTestTask.java:151)
	at org.junit.platform.engine.support.hierarchical.ThrowableCollector.execute(ThrowableCollector.java:73)
	at org.junit.platform.engine.support.hierarchical.NodeTestTask.lambda$executeRecursively$8(NodeTestTask.java:141)
	at org.junit.platform.engine.support.hierarchical.Node.around(Node.java:137)
	at org.junit.platform.engine.support.hierarchical.NodeTestTask.lambda$executeRecursively$9(NodeTestTask.java:139)
	at org.junit.platform.engine.support.hierarchical.ThrowableCollector.execute(ThrowableCollector.java:73)
	at org.junit.platform.engine.support.hierarchical.NodeTestTask.executeRecursively(NodeTestTask.java:138)
	at org.junit.platform.engine.support.hierarchical.NodeTestTask.execute(NodeTestTask.java:95)
	at java.base/java.util.ArrayList.forEach(ArrayList.java:1541)
	at org.junit.platform.engine.support.hierarchical.SameThreadHierarchicalTestExecutorService.invokeAll(SameThreadHierarchicalTestExecutorService.java:41)
	at org.junit.platform.engine.support.hierarchical.NodeTestTask.lambda$executeRecursively$6(NodeTestTask.java:155)
	at org.junit.platform.engine.support.hierarchical.ThrowableCollector.execute(ThrowableCollector.java:73)
	at org.junit.platform.engine.support.hierarchical.NodeTestTask.lambda$executeRecursively$8(NodeTestTask.java:141)
	at org.junit.platform.engine.support.hierarchical.Node.around(Node.java:137)
	at org.junit.platform.engine.support.hierarchical.NodeTestTask.lambda$executeRecursively$9(NodeTestTask.java:139)
	at org.junit.platform.engine.support.hierarchical.ThrowableCollector.execute(ThrowableCollector.java:73)
	at org.junit.platform.engine.support.hierarchical.NodeTestTask.executeRecursively(NodeTestTask.java:138)
	at org.junit.platform.engine.support.hierarchical.NodeTestTask.execute(NodeTestTask.java:95)
	at java.base/java.util.ArrayList.forEach(ArrayList.java:1541)
	at org.junit.platform.engine.support.hierarchical.SameThreadHierarchicalTestExecutorService.invokeAll(SameThreadHierarchicalTestExecutorService.java:41)
	at org.junit.platform.engine.support.hierarchical.NodeTestTask.lambda$executeRecursively$6(NodeTestTask.java:155)
	at org.junit.platform.engine.support.hierarchical.ThrowableCollector.execute(ThrowableCollector.java:73)
	at org.junit.platform.engine.support.hierarchical.NodeTestTask.lambda$executeRecursively$8(NodeTestTask.java:141)
	at org.junit.platform.engine.support.hierarchical.Node.around(Node.java:137)
	at org.junit.platform.engine.support.hierarchical.NodeTestTask.lambda$executeRecursively$9(NodeTestTask.java:139)
	at org.junit.platform.engine.support.hierarchical.ThrowableCollector.execute(ThrowableCollector.java:73)
	at org.junit.platform.engine.support.hierarchical.NodeTestTask.executeRecursively(NodeTestTask.java:138)
	at org.junit.platform.engine.support.hierarchical.NodeTestTask.execute(NodeTestTask.java:95)
	at org.junit.platform.engine.support.hierarchical.SameThreadHierarchicalTestExecutorService.submit(SameThreadHierarchicalTestExecutorService.java:35)
	at org.junit.platform.engine.support.hierarchical.HierarchicalTestExecutor.execute(HierarchicalTestExecutor.java:57)
	at org.junit.platform.engine.support.hierarchical.HierarchicalTestEngine.execute(HierarchicalTestEngine.java:54)
	at org.junit.platform.launcher.core.EngineExecutionOrchestrator.execute(EngineExecutionOrchestrator.java:108)
	at org.junit.platform.launcher.core.EngineExecutionOrchestrator.execute(EngineExecutionOrchestrator.java:88)
	at org.junit.platform.launcher.core.EngineExecutionOrchestrator.lambda$execute$0(EngineExecutionOrchestrator.java:54)
	at org.junit.platform.launcher.core.EngineExecutionOrchestrator.withInterceptedStreams(EngineExecutionOrchestrator.java:67)
	at org.junit.platform.launcher.core.EngineExecutionOrchestrator.execute(EngineExecutionOrchestrator.java:52)
	at org.junit.platform.launcher.core.DefaultLauncher.execute(DefaultLauncher.java:96)
	at org.junit.platform.launcher.core.DefaultLauncher.execute(DefaultLauncher.java:75)
	at org.gradle.api.internal.tasks.testing.junitplatform.JUnitPlatformTestClassProcessor$CollectAllTestClassesExecutor.processAllTestClasses(JUnitPlatformTestClassProcessor.java:99)
	at org.gradle.api.internal.tasks.testing.junitplatform.JUnitPlatformTestClassProcessor$CollectAllTestClassesExecutor.access$000(JUnitPlatformTestClassProcessor.java:79)
	at org.gradle.api.internal.tasks.testing.junitplatform.JUnitPlatformTestClassProcessor.stop(JUnitPlatformTestClassProcessor.java:75)
	at org.gradle.api.internal.tasks.testing.SuiteTestClassProcessor.stop(SuiteTestClassProcessor.java:61)
	at java.base/jdk.internal.reflect.NativeMethodAccessorImpl.invoke0(Native Method)
	at java.base/jdk.internal.reflect.NativeMethodAccessorImpl.invoke(NativeMethodAccessorImpl.java:62)
	at java.base/jdk.internal.reflect.DelegatingMethodAccessorImpl.invoke(DelegatingMethodAccessorImpl.java:43)
	at java.base/java.lang.reflect.Method.invoke(Method.java:566)
	at org.gradle.internal.dispatch.ReflectionDispatch.dispatch(ReflectionDispatch.java:36)
	at org.gradle.internal.dispatch.ReflectionDispatch.dispatch(ReflectionDispatch.java:24)
	at org.gradle.internal.dispatch.ContextClassLoaderDispatch.dispatch(ContextClassLoaderDispatch.java:33)
	at org.gradle.internal.dispatch.ProxyDispatchAdapter$DispatchingInvocationHandler.invoke(ProxyDispatchAdapter.java:94)
	at com.sun.proxy.$Proxy2.stop(Unknown Source)
	at org.gradle.api.internal.tasks.testing.worker.TestWorker$3.run(TestWorker.java:193)
	at org.gradle.api.internal.tasks.testing.worker.TestWorker.executeAndMaintainThreadName(TestWorker.java:129)
	at org.gradle.api.internal.tasks.testing.worker.TestWorker.execute(TestWorker.java:100)
	at org.gradle.api.internal.tasks.testing.worker.TestWorker.execute(TestWorker.java:60)
	at org.gradle.process.internal.worker.child.ActionExecutionWorker.execute(ActionExecutionWorker.java:56)
	at org.gradle.process.internal.worker.child.SystemApplicationClassLoaderWorker.call(SystemApplicationClassLoaderWorker.java:133)
	at org.gradle.process.internal.worker.child.SystemApplicationClassLoaderWorker.call(SystemApplicationClassLoaderWorker.java:71)
	at worker.org.gradle.process.internal.worker.GradleWorkerMain.run(GradleWorkerMain.java:69)
	at worker.org.gradle.process.internal.worker.GradleWorkerMain.main(GradleWorkerMain.java:74)
22:06:22.146 [Test worker] DEBUG org.springframework.jdbc.datasource.DriverManagerDataSource - Creating new JDBC DriverManager Connection to [jdbc:h2:tcp://localhost/~/jdbc]
22:06:22.158 [Test worker] INFO hello.jdbc.repository.MemberRepositoryV2 - get connection! con=conn3: url=jdbc:h2:tcp://localhost/~/jdbc user=SA, class=class org.h2.jdbc.JdbcConnection
22:06:22.166 [Test worker] DEBUG org.springframework.jdbc.datasource.DriverManagerDataSource - Creating new JDBC DriverManager Connection to [jdbc:h2:tcp://localhost/~/jdbc]
22:06:22.177 [Test worker] INFO hello.jdbc.repository.MemberRepositoryV2 - get connection! con=conn4: url=jdbc:h2:tcp://localhost/~/jdbc user=SA, class=class org.h2.jdbc.JdbcConnection
22:06:22.189 [Test worker] DEBUG org.springframework.jdbc.datasource.DriverManagerDataSource - Creating new JDBC DriverManager Connection to [jdbc:h2:tcp://localhost/~/jdbc]
22:06:22.202 [Test worker] INFO hello.jdbc.repository.MemberRepositoryV2 - get connection! con=conn5: url=jdbc:h2:tcp://localhost/~/jdbc user=SA, class=class org.h2.jdbc.JdbcConnection
22:06:22.210 [Test worker] DEBUG org.springframework.jdbc.datasource.DriverManagerDataSource - Creating new JDBC DriverManager Connection to [jdbc:h2:tcp://localhost/~/jdbc]
22:06:22.221 [Test worker] INFO hello.jdbc.repository.MemberRepositoryV2 - get connection! con=conn6: url=jdbc:h2:tcp://localhost/~/jdbc user=SA, class=class org.h2.jdbc.JdbcConnection
22:06:22.229 [Test worker] DEBUG org.springframework.jdbc.datasource.DriverManagerDataSource - Creating new JDBC DriverManager Connection to [jdbc:h2:tcp://localhost/~/jdbc]
22:06:22.240 [Test worker] INFO hello.jdbc.repository.MemberRepositoryV2 - get connection! con=conn7: url=jdbc:h2:tcp://localhost/~/jdbc user=SA, class=class org.h2.jdbc.JdbcConnection
22:06:22.253 [Test worker] DEBUG org.springframework.jdbc.datasource.DriverManagerDataSource - Creating new JDBC DriverManager Connection to [jdbc:h2:tcp://localhost/~/jdbc]
22:06:22.267 [Test worker] INFO hello.jdbc.repository.MemberRepositoryV2 - get connection! con=conn8: url=jdbc:h2:tcp://localhost/~/jdbc user=SA, class=class org.h2.jdbc.JdbcConnection
22:06:22.274 [Test worker] DEBUG org.springframework.jdbc.datasource.DriverManagerDataSource - Creating new JDBC DriverManager Connection to [jdbc:h2:tcp://localhost/~/jdbc]
22:06:22.286 [Test worker] INFO hello.jdbc.repository.MemberRepositoryV2 - get connection! con=conn9: url=jdbc:h2:tcp://localhost/~/jdbc user=SA, class=class org.h2.jdbc.JdbcConnection
22:06:22.292 [Test worker] DEBUG org.springframework.jdbc.datasource.DriverManagerDataSource - Creating new JDBC DriverManager Connection to [jdbc:h2:tcp://localhost/~/jdbc]
22:06:22.302 [Test worker] INFO hello.jdbc.service.MemberServiceV2 - from=memberA, to=memberB, money=2000
22:06:22.311 [Test worker] DEBUG org.springframework.jdbc.datasource.DriverManagerDataSource - Creating new JDBC DriverManager Connection to [jdbc:h2:tcp://localhost/~/jdbc]
22:06:22.321 [Test worker] INFO hello.jdbc.repository.MemberRepositoryV2 - get connection! con=conn11: url=jdbc:h2:tcp://localhost/~/jdbc user=SA, class=class org.h2.jdbc.JdbcConnection
22:06:22.328 [Test worker] DEBUG org.springframework.jdbc.datasource.DriverManagerDataSource - Creating new JDBC DriverManager Connection to [jdbc:h2:tcp://localhost/~/jdbc]
22:06:22.339 [Test worker] INFO hello.jdbc.repository.MemberRepositoryV2 - get connection! con=conn12: url=jdbc:h2:tcp://localhost/~/jdbc user=SA, class=class org.h2.jdbc.JdbcConnection
22:06:22.346 [Test worker] DEBUG org.springframework.jdbc.datasource.DriverManagerDataSource - Creating new JDBC DriverManager Connection to [jdbc:h2:tcp://localhost/~/jdbc]
22:06:22.356 [Test worker] INFO hello.jdbc.repository.MemberRepositoryV2 - get connection! con=conn13: url=jdbc:h2:tcp://localhost/~/jdbc user=SA, class=class org.h2.jdbc.JdbcConnection
22:06:22.364 [Test worker] DEBUG org.springframework.jdbc.datasource.DriverManagerDataSource - Creating new JDBC DriverManager Connection to [jdbc:h2:tcp://localhost/~/jdbc]
22:06:22.374 [Test worker] INFO hello.jdbc.repository.MemberRepositoryV2 - get connection! con=conn14: url=jdbc:h2:tcp://localhost/~/jdbc user=SA, class=class org.h2.jdbc.JdbcConnection
22:06:22.380 [Test worker] DEBUG org.springframework.jdbc.datasource.DriverManagerDataSource - Creating new JDBC DriverManager Connection to [jdbc:h2:tcp://localhost/~/jdbc]
22:06:22.391 [Test worker] INFO hello.jdbc.repository.MemberRepositoryV2 - get connection! con=conn15: url=jdbc:h2:tcp://localhost/~/jdbc user=SA, class=class org.h2.jdbc.JdbcConnection
]]></system-out>
  <system-err><![CDATA[]]></system-err>
</testsuite>
