<?xml version="1.0" encoding="UTF-8"?>
<testsuite name="hello.jdbc.service.MemberServiceV4Test" tests="3" skipped="0" failures="0" errors="0" timestamp="2022-06-07T11:25:59" hostname="DESKTOP-8Q25Q0I" time="0.571">
  <properties/>
  <testcase name="이체중 예외발생" classname="hello.jdbc.service.MemberServiceV4Test" time="0.524"/>
  <testcase name="AopCheck()" classname="hello.jdbc.service.MemberServiceV4Test" time="0.016"/>
  <testcase name="정상이체" classname="hello.jdbc.service.MemberServiceV4Test" time="0.029"/>
  <system-out><![CDATA[20:25:58.505 [Test worker] DEBUG org.springframework.test.context.BootstrapUtils - Instantiating CacheAwareContextLoaderDelegate from class [org.springframework.test.context.cache.DefaultCacheAwareContextLoaderDelegate]
20:25:58.516 [Test worker] DEBUG org.springframework.test.context.BootstrapUtils - Instantiating BootstrapContext using constructor [public org.springframework.test.context.support.DefaultBootstrapContext(java.lang.Class,org.springframework.test.context.CacheAwareContextLoaderDelegate)]
20:25:58.548 [Test worker] DEBUG org.springframework.test.context.BootstrapUtils - Instantiating TestContextBootstrapper for test class [hello.jdbc.service.MemberServiceV4Test] from class [org.springframework.boot.test.context.SpringBootTestContextBootstrapper]
20:25:58.560 [Test worker] INFO org.springframework.boot.test.context.SpringBootTestContextBootstrapper - Neither @ContextConfiguration nor @ContextHierarchy found for test class [hello.jdbc.service.MemberServiceV4Test], using SpringBootContextLoader
20:25:58.563 [Test worker] DEBUG org.springframework.test.context.support.AbstractContextLoader - Did not detect default resource location for test class [hello.jdbc.service.MemberServiceV4Test]: class path resource [hello/jdbc/service/MemberServiceV4Test-context.xml] does not exist
20:25:58.564 [Test worker] DEBUG org.springframework.test.context.support.AbstractContextLoader - Did not detect default resource location for test class [hello.jdbc.service.MemberServiceV4Test]: class path resource [hello/jdbc/service/MemberServiceV4TestContext.groovy] does not exist
20:25:58.564 [Test worker] INFO org.springframework.test.context.support.AbstractContextLoader - Could not detect default resource locations for test class [hello.jdbc.service.MemberServiceV4Test]: no resource found for suffixes {-context.xml, Context.groovy}.
20:25:58.608 [Test worker] DEBUG org.springframework.test.context.support.ActiveProfilesUtils - Could not find an 'annotation declaring class' for annotation type [org.springframework.test.context.ActiveProfiles] and class [hello.jdbc.service.MemberServiceV4Test]
20:25:58.669 [Test worker] DEBUG org.springframework.context.annotation.ClassPathScanningCandidateComponentProvider - Identified candidate component class: file [C:\Long\Today-I-Learn\Spring\jdbc\build\classes\java\main\hello\jdbc\JdbcApplication.class]
20:25:58.670 [Test worker] INFO org.springframework.boot.test.context.SpringBootTestContextBootstrapper - Found @SpringBootConfiguration hello.jdbc.JdbcApplication for test class hello.jdbc.service.MemberServiceV4Test
20:25:58.778 [Test worker] DEBUG org.springframework.boot.test.context.SpringBootTestContextBootstrapper - @TestExecutionListeners is not present for class [hello.jdbc.service.MemberServiceV4Test]: using defaults.
20:25:58.778 [Test worker] INFO org.springframework.boot.test.context.SpringBootTestContextBootstrapper - Loaded default TestExecutionListener class names from location [META-INF/spring.factories]: [org.springframework.boot.test.autoconfigure.restdocs.RestDocsTestExecutionListener, org.springframework.boot.test.autoconfigure.web.client.MockRestServiceServerResetTestExecutionListener, org.springframework.boot.test.autoconfigure.web.servlet.MockMvcPrintOnlyOnFailureTestExecutionListener, org.springframework.boot.test.autoconfigure.web.servlet.WebDriverTestExecutionListener, org.springframework.boot.test.autoconfigure.webservices.client.MockWebServiceServerTestExecutionListener, org.springframework.boot.test.mock.mockito.MockitoTestExecutionListener, org.springframework.boot.test.mock.mockito.ResetMocksTestExecutionListener, org.springframework.test.context.web.ServletTestExecutionListener, org.springframework.test.context.support.DirtiesContextBeforeModesTestExecutionListener, org.springframework.test.context.event.ApplicationEventsTestExecutionListener, org.springframework.test.context.support.DependencyInjectionTestExecutionListener, org.springframework.test.context.support.DirtiesContextTestExecutionListener, org.springframework.test.context.transaction.TransactionalTestExecutionListener, org.springframework.test.context.jdbc.SqlScriptsTestExecutionListener, org.springframework.test.context.event.EventPublishingTestExecutionListener]
20:25:58.788 [Test worker] DEBUG org.springframework.boot.test.context.SpringBootTestContextBootstrapper - Skipping candidate TestExecutionListener [org.springframework.test.context.web.ServletTestExecutionListener] due to a missing dependency. Specify custom listener classes or make the default listener classes and their required dependencies available. Offending class: [javax/servlet/ServletContext]
20:25:58.795 [Test worker] INFO org.springframework.boot.test.context.SpringBootTestContextBootstrapper - Using TestExecutionListeners: [org.springframework.test.context.support.DirtiesContextBeforeModesTestExecutionListener@f8908f6, org.springframework.test.context.event.ApplicationEventsTestExecutionListener@3e587920, org.springframework.boot.test.mock.mockito.MockitoTestExecutionListener@2ef8a8c3, org.springframework.boot.test.autoconfigure.SpringBootDependencyInjectionTestExecutionListener@24f43aa3, org.springframework.test.context.support.DirtiesContextTestExecutionListener@63fd4873, org.springframework.test.context.transaction.TransactionalTestExecutionListener@1e11bc55, org.springframework.test.context.jdbc.SqlScriptsTestExecutionListener@7544a1e4, org.springframework.test.context.event.EventPublishingTestExecutionListener@70e0accd, org.springframework.boot.test.autoconfigure.restdocs.RestDocsTestExecutionListener@7957dc72, org.springframework.boot.test.autoconfigure.web.client.MockRestServiceServerResetTestExecutionListener@6ab72419, org.springframework.boot.test.autoconfigure.web.servlet.MockMvcPrintOnlyOnFailureTestExecutionListener@3aacf32a, org.springframework.boot.test.autoconfigure.web.servlet.WebDriverTestExecutionListener@4fdfa676, org.springframework.boot.test.autoconfigure.webservices.client.MockWebServiceServerTestExecutionListener@82c57b3, org.springframework.boot.test.mock.mockito.ResetMocksTestExecutionListener@5be82d43]
20:25:58.798 [Test worker] DEBUG org.springframework.test.context.support.AbstractDirtiesContextTestExecutionListener - Before test class: context [DefaultTestContext@31c269fd testClass = MemberServiceV4Test, testInstance = [null], testMethod = [null], testException = [null], mergedContextConfiguration = [MergedContextConfiguration@372b0d86 testClass = MemberServiceV4Test, locations = '{}', classes = '{class hello.jdbc.JdbcApplication, class hello.jdbc.service.MemberServiceV4Test$Config}', contextInitializerClasses = '[]', activeProfiles = '{}', propertySourceLocations = '{}', propertySourceProperties = '{org.springframework.boot.test.context.SpringBootTestContextBootstrapper=true}', contextCustomizers = set[org.springframework.boot.test.autoconfigure.actuate.metrics.MetricsExportContextCustomizerFactory$DisableMetricExportContextCustomizer@5b1f29fa, org.springframework.boot.test.autoconfigure.properties.PropertyMappingContextCustomizer@0, org.springframework.boot.test.autoconfigure.web.servlet.WebDriverContextCustomizerFactory$Customizer@13cf7d52, org.springframework.boot.test.context.filter.ExcludeFilterContextCustomizer@77a98a6a, org.springframework.boot.test.json.DuplicateJsonObjectContextCustomizerFactory$DuplicateJsonObjectContextCustomizer@7e22550a, org.springframework.boot.test.mock.mockito.MockitoContextCustomizer@0, org.springframework.boot.test.web.client.TestRestTemplateContextCustomizer@3b7ff809, org.springframework.boot.test.context.SpringBootTestArgs@1, org.springframework.boot.test.context.SpringBootTestWebEnvironment@64b0598], contextLoader = 'org.springframework.boot.test.context.SpringBootContextLoader', parent = [null]], attributes = map[[empty]]], class annotated with @DirtiesContext [false] with mode [null].
20:25:58.809 [Test worker] DEBUG org.springframework.test.context.support.DependencyInjectionTestExecutionListener - Performing dependency injection for test context [[DefaultTestContext@31c269fd testClass = MemberServiceV4Test, testInstance = hello.jdbc.service.MemberServiceV4Test@238b521e, testMethod = [null], testException = [null], mergedContextConfiguration = [MergedContextConfiguration@372b0d86 testClass = MemberServiceV4Test, locations = '{}', classes = '{class hello.jdbc.JdbcApplication, class hello.jdbc.service.MemberServiceV4Test$Config}', contextInitializerClasses = '[]', activeProfiles = '{}', propertySourceLocations = '{}', propertySourceProperties = '{org.springframework.boot.test.context.SpringBootTestContextBootstrapper=true}', contextCustomizers = set[org.springframework.boot.test.autoconfigure.actuate.metrics.MetricsExportContextCustomizerFactory$DisableMetricExportContextCustomizer@5b1f29fa, org.springframework.boot.test.autoconfigure.properties.PropertyMappingContextCustomizer@0, org.springframework.boot.test.autoconfigure.web.servlet.WebDriverContextCustomizerFactory$Customizer@13cf7d52, org.springframework.boot.test.context.filter.ExcludeFilterContextCustomizer@77a98a6a, org.springframework.boot.test.json.DuplicateJsonObjectContextCustomizerFactory$DuplicateJsonObjectContextCustomizer@7e22550a, org.springframework.boot.test.mock.mockito.MockitoContextCustomizer@0, org.springframework.boot.test.web.client.TestRestTemplateContextCustomizer@3b7ff809, org.springframework.boot.test.context.SpringBootTestArgs@1, org.springframework.boot.test.context.SpringBootTestWebEnvironment@64b0598], contextLoader = 'org.springframework.boot.test.context.SpringBootContextLoader', parent = [null]], attributes = map['org.springframework.test.context.event.ApplicationEventsTestExecutionListener.recordApplicationEvents' -> false]]].

  .   ____          _            __ _ _
 /\\ / ___'_ __ _ _(_)_ __  __ _ \ \ \ \
( ( )\___ | '_ | '_| | '_ \/ _` | \ \ \ \
 \\/  ___)| |_)| | | | | || (_| |  ) ) ) )
  '  |____| .__|_| |_|_| |_\__, | / / / /
 =========|_|==============|___/=/_/_/_/
 :: Spring Boot ::                (v2.6.6)

2022-06-07 20:25:59.078  INFO 11344 --- [    Test worker] hello.jdbc.service.MemberServiceV4Test   : Starting MemberServiceV4Test using Java 11.0.12 on DESKTOP-8Q25Q0I with PID 11344 (started by tatuj in C:\Long\Today-I-Learn\Spring\jdbc)
2022-06-07 20:25:59.080  INFO 11344 --- [    Test worker] hello.jdbc.service.MemberServiceV4Test   : No active profile set, falling back to 1 default profile: "default"
2022-06-07 20:25:59.830  INFO 11344 --- [    Test worker] hello.jdbc.service.MemberServiceV4Test   : Started MemberServiceV4Test in 0.997 seconds (JVM running for 2.372)
2022-06-07 20:26:00.318  INFO 11344 --- [    Test worker] hello.jdbc.service.MemberServiceV4       : from=memberA, to=ex, money=2000
2022-06-07 20:26:00.367  INFO 11344 --- [    Test worker] hello.jdbc.service.MemberServiceV4Test   : memberService class=class hello.jdbc.service.MemberServiceV4$$EnhancerBySpringCGLIB$$b35466fe
2022-06-07 20:26:00.367  INFO 11344 --- [    Test worker] hello.jdbc.service.MemberServiceV4Test   : memberRepository class=class hello.jdbc.repository.MemberRepositoryV5
2022-06-07 20:26:00.391  INFO 11344 --- [    Test worker] hello.jdbc.service.MemberServiceV4       : from=memberA, to=memberB, money=2000
]]></system-out>
  <system-err><![CDATA[]]></system-err>
</testsuite>
