<?xml version="1.0" encoding="UTF-8"?>
<testsuite name="hello.jdbc.service.MemberServiceV3_3Test" tests="3" skipped="0" failures="0" errors="0" timestamp="2022-06-06T14:47:02" hostname="DESKTOP-8Q25Q0I" time="0.547">
  <properties/>
  <testcase name="이체중 예외발생" classname="hello.jdbc.service.MemberServiceV3_3Test" time="0.505"/>
  <testcase name="AopCheck()" classname="hello.jdbc.service.MemberServiceV3_3Test" time="0.013"/>
  <testcase name="정상이체" classname="hello.jdbc.service.MemberServiceV3_3Test" time="0.027"/>
  <system-out><![CDATA[23:47:00.931 [Test worker] DEBUG org.springframework.test.context.BootstrapUtils - Instantiating CacheAwareContextLoaderDelegate from class [org.springframework.test.context.cache.DefaultCacheAwareContextLoaderDelegate]
23:47:00.943 [Test worker] DEBUG org.springframework.test.context.BootstrapUtils - Instantiating BootstrapContext using constructor [public org.springframework.test.context.support.DefaultBootstrapContext(java.lang.Class,org.springframework.test.context.CacheAwareContextLoaderDelegate)]
23:47:00.979 [Test worker] DEBUG org.springframework.test.context.BootstrapUtils - Instantiating TestContextBootstrapper for test class [hello.jdbc.service.MemberServiceV3_3Test] from class [org.springframework.boot.test.context.SpringBootTestContextBootstrapper]
23:47:00.992 [Test worker] INFO org.springframework.boot.test.context.SpringBootTestContextBootstrapper - Neither @ContextConfiguration nor @ContextHierarchy found for test class [hello.jdbc.service.MemberServiceV3_3Test], using SpringBootContextLoader
23:47:00.996 [Test worker] DEBUG org.springframework.test.context.support.AbstractContextLoader - Did not detect default resource location for test class [hello.jdbc.service.MemberServiceV3_3Test]: class path resource [hello/jdbc/service/MemberServiceV3_3Test-context.xml] does not exist
23:47:00.996 [Test worker] DEBUG org.springframework.test.context.support.AbstractContextLoader - Did not detect default resource location for test class [hello.jdbc.service.MemberServiceV3_3Test]: class path resource [hello/jdbc/service/MemberServiceV3_3TestContext.groovy] does not exist
23:47:00.996 [Test worker] INFO org.springframework.test.context.support.AbstractContextLoader - Could not detect default resource locations for test class [hello.jdbc.service.MemberServiceV3_3Test]: no resource found for suffixes {-context.xml, Context.groovy}.
23:47:01.042 [Test worker] DEBUG org.springframework.test.context.support.ActiveProfilesUtils - Could not find an 'annotation declaring class' for annotation type [org.springframework.test.context.ActiveProfiles] and class [hello.jdbc.service.MemberServiceV3_3Test]
23:47:01.100 [Test worker] DEBUG org.springframework.context.annotation.ClassPathScanningCandidateComponentProvider - Identified candidate component class: file [C:\Long\Today-I-Learn\Spring\jdbc\build\classes\java\main\hello\jdbc\JdbcApplication.class]
23:47:01.101 [Test worker] INFO org.springframework.boot.test.context.SpringBootTestContextBootstrapper - Found @SpringBootConfiguration hello.jdbc.JdbcApplication for test class hello.jdbc.service.MemberServiceV3_3Test
23:47:01.212 [Test worker] DEBUG org.springframework.boot.test.context.SpringBootTestContextBootstrapper - @TestExecutionListeners is not present for class [hello.jdbc.service.MemberServiceV3_3Test]: using defaults.
23:47:01.212 [Test worker] INFO org.springframework.boot.test.context.SpringBootTestContextBootstrapper - Loaded default TestExecutionListener class names from location [META-INF/spring.factories]: [org.springframework.boot.test.autoconfigure.restdocs.RestDocsTestExecutionListener, org.springframework.boot.test.autoconfigure.web.client.MockRestServiceServerResetTestExecutionListener, org.springframework.boot.test.autoconfigure.web.servlet.MockMvcPrintOnlyOnFailureTestExecutionListener, org.springframework.boot.test.autoconfigure.web.servlet.WebDriverTestExecutionListener, org.springframework.boot.test.autoconfigure.webservices.client.MockWebServiceServerTestExecutionListener, org.springframework.boot.test.mock.mockito.MockitoTestExecutionListener, org.springframework.boot.test.mock.mockito.ResetMocksTestExecutionListener, org.springframework.test.context.web.ServletTestExecutionListener, org.springframework.test.context.support.DirtiesContextBeforeModesTestExecutionListener, org.springframework.test.context.event.ApplicationEventsTestExecutionListener, org.springframework.test.context.support.DependencyInjectionTestExecutionListener, org.springframework.test.context.support.DirtiesContextTestExecutionListener, org.springframework.test.context.transaction.TransactionalTestExecutionListener, org.springframework.test.context.jdbc.SqlScriptsTestExecutionListener, org.springframework.test.context.event.EventPublishingTestExecutionListener]
23:47:01.222 [Test worker] DEBUG org.springframework.boot.test.context.SpringBootTestContextBootstrapper - Skipping candidate TestExecutionListener [org.springframework.test.context.web.ServletTestExecutionListener] due to a missing dependency. Specify custom listener classes or make the default listener classes and their required dependencies available. Offending class: [javax/servlet/ServletContext]
23:47:01.229 [Test worker] INFO org.springframework.boot.test.context.SpringBootTestContextBootstrapper - Using TestExecutionListeners: [org.springframework.test.context.support.DirtiesContextBeforeModesTestExecutionListener@3e587920, org.springframework.test.context.event.ApplicationEventsTestExecutionListener@2ef8a8c3, org.springframework.boot.test.mock.mockito.MockitoTestExecutionListener@24f43aa3, org.springframework.boot.test.autoconfigure.SpringBootDependencyInjectionTestExecutionListener@63fd4873, org.springframework.test.context.support.DirtiesContextTestExecutionListener@1e11bc55, org.springframework.test.context.transaction.TransactionalTestExecutionListener@7544a1e4, org.springframework.test.context.jdbc.SqlScriptsTestExecutionListener@70e0accd, org.springframework.test.context.event.EventPublishingTestExecutionListener@7957dc72, org.springframework.boot.test.autoconfigure.restdocs.RestDocsTestExecutionListener@6ab72419, org.springframework.boot.test.autoconfigure.web.client.MockRestServiceServerResetTestExecutionListener@3aacf32a, org.springframework.boot.test.autoconfigure.web.servlet.MockMvcPrintOnlyOnFailureTestExecutionListener@4fdfa676, org.springframework.boot.test.autoconfigure.web.servlet.WebDriverTestExecutionListener@82c57b3, org.springframework.boot.test.autoconfigure.webservices.client.MockWebServiceServerTestExecutionListener@5be82d43, org.springframework.boot.test.mock.mockito.ResetMocksTestExecutionListener@600b0b7]
23:47:01.232 [Test worker] DEBUG org.springframework.test.context.support.AbstractDirtiesContextTestExecutionListener - Before test class: context [DefaultTestContext@372b0d86 testClass = MemberServiceV3_3Test, testInstance = [null], testMethod = [null], testException = [null], mergedContextConfiguration = [MergedContextConfiguration@47747fb9 testClass = MemberServiceV3_3Test, locations = '{}', classes = '{class hello.jdbc.JdbcApplication, class hello.jdbc.service.MemberServiceV3_3Test$Config}', contextInitializerClasses = '[]', activeProfiles = '{}', propertySourceLocations = '{}', propertySourceProperties = '{org.springframework.boot.test.context.SpringBootTestContextBootstrapper=true}', contextCustomizers = set[org.springframework.boot.test.autoconfigure.actuate.metrics.MetricsExportContextCustomizerFactory$DisableMetricExportContextCustomizer@aeab9a1, org.springframework.boot.test.autoconfigure.properties.PropertyMappingContextCustomizer@0, org.springframework.boot.test.autoconfigure.web.servlet.WebDriverContextCustomizerFactory$Customizer@3a3e4aff, org.springframework.boot.test.context.filter.ExcludeFilterContextCustomizer@78fbff54, org.springframework.boot.test.json.DuplicateJsonObjectContextCustomizerFactory$DuplicateJsonObjectContextCustomizer@45e37a7e, org.springframework.boot.test.mock.mockito.MockitoContextCustomizer@0, org.springframework.boot.test.web.client.TestRestTemplateContextCustomizer@1bb564e2, org.springframework.boot.test.context.SpringBootTestArgs@1, org.springframework.boot.test.context.SpringBootTestWebEnvironment@18f8cd79], contextLoader = 'org.springframework.boot.test.context.SpringBootContextLoader', parent = [null]], attributes = map[[empty]]], class annotated with @DirtiesContext [false] with mode [null].
23:47:01.250 [Test worker] DEBUG org.springframework.test.context.support.DependencyInjectionTestExecutionListener - Performing dependency injection for test context [[DefaultTestContext@372b0d86 testClass = MemberServiceV3_3Test, testInstance = hello.jdbc.service.MemberServiceV3_3Test@1b39fd82, testMethod = [null], testException = [null], mergedContextConfiguration = [MergedContextConfiguration@47747fb9 testClass = MemberServiceV3_3Test, locations = '{}', classes = '{class hello.jdbc.JdbcApplication, class hello.jdbc.service.MemberServiceV3_3Test$Config}', contextInitializerClasses = '[]', activeProfiles = '{}', propertySourceLocations = '{}', propertySourceProperties = '{org.springframework.boot.test.context.SpringBootTestContextBootstrapper=true}', contextCustomizers = set[org.springframework.boot.test.autoconfigure.actuate.metrics.MetricsExportContextCustomizerFactory$DisableMetricExportContextCustomizer@aeab9a1, org.springframework.boot.test.autoconfigure.properties.PropertyMappingContextCustomizer@0, org.springframework.boot.test.autoconfigure.web.servlet.WebDriverContextCustomizerFactory$Customizer@3a3e4aff, org.springframework.boot.test.context.filter.ExcludeFilterContextCustomizer@78fbff54, org.springframework.boot.test.json.DuplicateJsonObjectContextCustomizerFactory$DuplicateJsonObjectContextCustomizer@45e37a7e, org.springframework.boot.test.mock.mockito.MockitoContextCustomizer@0, org.springframework.boot.test.web.client.TestRestTemplateContextCustomizer@1bb564e2, org.springframework.boot.test.context.SpringBootTestArgs@1, org.springframework.boot.test.context.SpringBootTestWebEnvironment@18f8cd79], contextLoader = 'org.springframework.boot.test.context.SpringBootContextLoader', parent = [null]], attributes = map['org.springframework.test.context.event.ApplicationEventsTestExecutionListener.recordApplicationEvents' -> false]]].

  .   ____          _            __ _ _
 /\\ / ___'_ __ _ _(_)_ __  __ _ \ \ \ \
( ( )\___ | '_ | '_| | '_ \/ _` | \ \ \ \
 \\/  ___)| |_)| | | | | || (_| |  ) ) ) )
  '  |____| .__|_| |_|_| |_\__, | / / / /
 =========|_|==============|___/=/_/_/_/
 :: Spring Boot ::                (v2.6.6)

2022-06-06 23:47:01.524  INFO 19340 --- [    Test worker] h.jdbc.service.MemberServiceV3_3Test     : Starting MemberServiceV3_3Test using Java 11.0.12 on DESKTOP-8Q25Q0I with PID 19340 (started by tatuj in C:\Long\Today-I-Learn\Spring\jdbc)
2022-06-06 23:47:01.526  INFO 19340 --- [    Test worker] h.jdbc.service.MemberServiceV3_3Test     : No active profile set, falling back to 1 default profile: "default"
2022-06-06 23:47:02.258  INFO 19340 --- [    Test worker] h.jdbc.service.MemberServiceV3_3Test     : Started MemberServiceV3_3Test in 0.983 seconds (JVM running for 2.387)
2022-06-06 23:47:02.727  INFO 19340 --- [    Test worker] hello.jdbc.service.MemberServiceV3_3     : from=memberA, to=ex, money=2000
2022-06-06 23:47:02.728  INFO 19340 --- [    Test worker] h.jdbc.repository.MemberRepositoryV3     : get connection! con=conn2: url=jdbc:h2:tcp://localhost/~/jdbc user=SA, class=class org.h2.jdbc.JdbcConnection
2022-06-06 23:47:02.733  INFO 19340 --- [    Test worker] h.jdbc.repository.MemberRepositoryV3     : get connection! con=conn2: url=jdbc:h2:tcp://localhost/~/jdbc user=SA, class=class org.h2.jdbc.JdbcConnection
2022-06-06 23:47:02.734  INFO 19340 --- [    Test worker] h.jdbc.repository.MemberRepositoryV3     : get connection! con=conn2: url=jdbc:h2:tcp://localhost/~/jdbc user=SA, class=class org.h2.jdbc.JdbcConnection
2022-06-06 23:47:02.748  INFO 19340 --- [    Test worker] h.jdbc.repository.MemberRepositoryV3     : get connection! con=conn3: url=jdbc:h2:tcp://localhost/~/jdbc user=SA, class=class org.h2.jdbc.JdbcConnection
2022-06-06 23:47:02.751  INFO 19340 --- [    Test worker] h.jdbc.repository.MemberRepositoryV3     : get connection! con=conn4: url=jdbc:h2:tcp://localhost/~/jdbc user=SA, class=class org.h2.jdbc.JdbcConnection
2022-06-06 23:47:02.758  INFO 19340 --- [    Test worker] h.jdbc.repository.MemberRepositoryV3     : get connection! con=conn5: url=jdbc:h2:tcp://localhost/~/jdbc user=SA, class=class org.h2.jdbc.JdbcConnection
2022-06-06 23:47:02.760  INFO 19340 --- [    Test worker] h.jdbc.repository.MemberRepositoryV3     : get connection! con=conn6: url=jdbc:h2:tcp://localhost/~/jdbc user=SA, class=class org.h2.jdbc.JdbcConnection
2022-06-06 23:47:02.762  INFO 19340 --- [    Test worker] h.jdbc.repository.MemberRepositoryV3     : get connection! con=conn7: url=jdbc:h2:tcp://localhost/~/jdbc user=SA, class=class org.h2.jdbc.JdbcConnection
2022-06-06 23:47:02.773  INFO 19340 --- [    Test worker] h.jdbc.service.MemberServiceV3_3Test     : memberService class=class hello.jdbc.service.MemberServiceV3_3$$EnhancerBySpringCGLIB$$db0ed776
2022-06-06 23:47:02.773  INFO 19340 --- [    Test worker] h.jdbc.service.MemberServiceV3_3Test     : memberRepository class=class hello.jdbc.repository.MemberRepositoryV3
2022-06-06 23:47:02.775  INFO 19340 --- [    Test worker] h.jdbc.repository.MemberRepositoryV3     : get connection! con=conn8: url=jdbc:h2:tcp://localhost/~/jdbc user=SA, class=class org.h2.jdbc.JdbcConnection
2022-06-06 23:47:02.778  INFO 19340 --- [    Test worker] h.jdbc.repository.MemberRepositoryV3     : get connection! con=conn9: url=jdbc:h2:tcp://localhost/~/jdbc user=SA, class=class org.h2.jdbc.JdbcConnection
2022-06-06 23:47:02.781  INFO 19340 --- [    Test worker] h.jdbc.repository.MemberRepositoryV3     : get connection! con=conn10: url=jdbc:h2:tcp://localhost/~/jdbc user=SA, class=class org.h2.jdbc.JdbcConnection
2022-06-06 23:47:02.793  INFO 19340 --- [    Test worker] hello.jdbc.service.MemberServiceV3_3     : from=memberA, to=memberB, money=2000
2022-06-06 23:47:02.794  INFO 19340 --- [    Test worker] h.jdbc.repository.MemberRepositoryV3     : get connection! con=conn13: url=jdbc:h2:tcp://localhost/~/jdbc user=SA, class=class org.h2.jdbc.JdbcConnection
2022-06-06 23:47:02.794  INFO 19340 --- [    Test worker] h.jdbc.repository.MemberRepositoryV3     : get connection! con=conn13: url=jdbc:h2:tcp://localhost/~/jdbc user=SA, class=class org.h2.jdbc.JdbcConnection
2022-06-06 23:47:02.795  INFO 19340 --- [    Test worker] h.jdbc.repository.MemberRepositoryV3     : get connection! con=conn13: url=jdbc:h2:tcp://localhost/~/jdbc user=SA, class=class org.h2.jdbc.JdbcConnection
2022-06-06 23:47:02.795  INFO 19340 --- [    Test worker] h.jdbc.repository.MemberRepositoryV3     : get connection! con=conn13: url=jdbc:h2:tcp://localhost/~/jdbc user=SA, class=class org.h2.jdbc.JdbcConnection
2022-06-06 23:47:02.799  INFO 19340 --- [    Test worker] h.jdbc.repository.MemberRepositoryV3     : get connection! con=conn14: url=jdbc:h2:tcp://localhost/~/jdbc user=SA, class=class org.h2.jdbc.JdbcConnection
2022-06-06 23:47:02.803  INFO 19340 --- [    Test worker] h.jdbc.repository.MemberRepositoryV3     : get connection! con=conn15: url=jdbc:h2:tcp://localhost/~/jdbc user=SA, class=class org.h2.jdbc.JdbcConnection
2022-06-06 23:47:02.805  INFO 19340 --- [    Test worker] h.jdbc.repository.MemberRepositoryV3     : get connection! con=conn16: url=jdbc:h2:tcp://localhost/~/jdbc user=SA, class=class org.h2.jdbc.JdbcConnection
2022-06-06 23:47:02.808  INFO 19340 --- [    Test worker] h.jdbc.repository.MemberRepositoryV3     : get connection! con=conn17: url=jdbc:h2:tcp://localhost/~/jdbc user=SA, class=class org.h2.jdbc.JdbcConnection
2022-06-06 23:47:02.810  INFO 19340 --- [    Test worker] h.jdbc.repository.MemberRepositoryV3     : get connection! con=conn18: url=jdbc:h2:tcp://localhost/~/jdbc user=SA, class=class org.h2.jdbc.JdbcConnection
]]></system-out>
  <system-err><![CDATA[]]></system-err>
</testsuite>
